<?xml version="1.0" encoding="UTF-8"?>
<testsuite xmlns:xsi="http://www.w3.org/2001/XMLSchema-instance" xsi:noNamespaceSchemaLocation="https://maven.apache.org/surefire/maven-surefire-plugin/xsd/surefire-test-report-3.0.xsd" version="3.0" name="edu.escuelaing.ecos.ASE.app.AppTest" time="0.018" tests="1" errors="0" skipped="0" failures="0">
  <properties>
    <property name="sun.desktop" value="windows"/>
    <property name="awt.toolkit" value="sun.awt.windows.WToolkit"/>
    <property name="file.encoding.pkg" value="sun.io"/>
    <property name="java.specification.version" value="1.8"/>
    <property name="sun.cpu.isalist" value="amd64"/>
    <property name="sun.jnu.encoding" value="Cp1252"/>
    <property name="java.class.path" value="C:\Users\juanl\Documents\SoftwareAvanzado\Arquitectura y gobernabilidad\Taller2_arquiecture_of_massively\taller2_aygo_version1\target\test-classes;C:\Users\juanl\Documents\SoftwareAvanzado\Arquitectura y gobernabilidad\Taller2_arquiecture_of_massively\taller2_aygo_version1\target\classes;C:\Users\juanl\.m2\repository\junit\junit\3.8.1\junit-3.8.1.jar;C:\Users\juanl\.m2\repository\com\sparkjava\spark-core\2.9.2\spark-core-2.9.2.jar;C:\Users\juanl\.m2\repository\org\slf4j\slf4j-api\1.7.25\slf4j-api-1.7.25.jar;C:\Users\juanl\.m2\repository\org\eclipse\jetty\jetty-server\9.4.30.v20200611\jetty-server-9.4.30.v20200611.jar;C:\Users\juanl\.m2\repository\javax\servlet\javax.servlet-api\3.1.0\javax.servlet-api-3.1.0.jar;C:\Users\juanl\.m2\repository\org\eclipse\jetty\jetty-http\9.4.30.v20200611\jetty-http-9.4.30.v20200611.jar;C:\Users\juanl\.m2\repository\org\eclipse\jetty\jetty-util\9.4.30.v20200611\jetty-util-9.4.30.v20200611.jar;C:\Users\juanl\.m2\repository\org\eclipse\jetty\jetty-io\9.4.30.v20200611\jetty-io-9.4.30.v20200611.jar;C:\Users\juanl\.m2\repository\org\eclipse\jetty\jetty-webapp\9.4.30.v20200611\jetty-webapp-9.4.30.v20200611.jar;C:\Users\juanl\.m2\repository\org\eclipse\jetty\jetty-xml\9.4.30.v20200611\jetty-xml-9.4.30.v20200611.jar;C:\Users\juanl\.m2\repository\org\eclipse\jetty\jetty-servlet\9.4.30.v20200611\jetty-servlet-9.4.30.v20200611.jar;C:\Users\juanl\.m2\repository\org\eclipse\jetty\jetty-security\9.4.30.v20200611\jetty-security-9.4.30.v20200611.jar;C:\Users\juanl\.m2\repository\org\eclipse\jetty\websocket\websocket-server\9.4.30.v20200611\websocket-server-9.4.30.v20200611.jar;C:\Users\juanl\.m2\repository\org\eclipse\jetty\websocket\websocket-common\9.4.30.v20200611\websocket-common-9.4.30.v20200611.jar;C:\Users\juanl\.m2\repository\org\eclipse\jetty\websocket\websocket-client\9.4.30.v20200611\websocket-client-9.4.30.v20200611.jar;C:\Users\juanl\.m2\repository\org\eclipse\jetty\jetty-client\9.4.30.v20200611\jetty-client-9.4.30.v20200611.jar;C:\Users\juanl\.m2\repository\org\eclipse\jetty\websocket\websocket-servlet\9.4.30.v20200611\websocket-servlet-9.4.30.v20200611.jar;C:\Users\juanl\.m2\repository\org\eclipse\jetty\websocket\websocket-api\9.4.30.v20200611\websocket-api-9.4.30.v20200611.jar;C:\Users\juanl\.m2\repository\org\slf4j\slf4j-simple\1.7.6\slf4j-simple-1.7.6.jar;C:\Users\juanl\.m2\repository\org\mongodb\mongo-java-driver\3.12.14\mongo-java-driver-3.12.14.jar;C:\Users\juanl\.m2\repository\org\mongodb\morphia\morphia\1.3.2\morphia-1.3.2.jar;C:\Users\juanl\.m2\repository\cglib\cglib-nodep\2.2.2\cglib-nodep-2.2.2.jar;C:\Users\juanl\.m2\repository\com\thoughtworks\proxytoys\proxytoys\1.0\proxytoys-1.0.jar;C:\Users\juanl\.m2\repository\com\google\code\gson\gson\2.10.1\gson-2.10.1.jar;C:\Users\juanl\.m2\repository\com\amazonaws\serverless\aws-serverless-java-container-spark\1.9.3\aws-serverless-java-container-spark-1.9.3.jar;C:\Users\juanl\.m2\repository\com\amazonaws\serverless\aws-serverless-java-container-core\1.9.3\aws-serverless-java-container-core-1.9.3.jar;C:\Users\juanl\.m2\repository\javax\ws\rs\javax.ws.rs-api\2.1.1\javax.ws.rs-api-2.1.1.jar;C:\Users\juanl\.m2\repository\com\fasterxml\jackson\core\jackson-databind\2.15.0\jackson-databind-2.15.0.jar;C:\Users\juanl\.m2\repository\com\fasterxml\jackson\core\jackson-annotations\2.15.0\jackson-annotations-2.15.0.jar;C:\Users\juanl\.m2\repository\com\fasterxml\jackson\core\jackson-core\2.15.0\jackson-core-2.15.0.jar;C:\Users\juanl\.m2\repository\com\fasterxml\jackson\module\jackson-module-afterburner\2.15.0\jackson-module-afterburner-2.15.0.jar;C:\Users\juanl\.m2\repository\commons-fileupload\commons-fileupload\1.5\commons-fileupload-1.5.jar;C:\Users\juanl\.m2\repository\commons-io\commons-io\2.11.0\commons-io-2.11.0.jar;C:\Users\juanl\.m2\repository\org\apache\httpcomponents\httpmime\4.5.14\httpmime-4.5.14.jar;C:\Users\juanl\.m2\repository\org\apache\httpcomponents\httpclient\4.5.14\httpclient-4.5.14.jar;C:\Users\juanl\.m2\repository\org\apache\httpcomponents\httpcore\4.4.16\httpcore-4.4.16.jar;C:\Users\juanl\.m2\repository\commons-logging\commons-logging\1.2\commons-logging-1.2.jar;C:\Users\juanl\.m2\repository\commons-codec\commons-codec\1.11\commons-codec-1.11.jar;C:\Users\juanl\.m2\repository\com\amazonaws\aws-lambda-java-core\1.2.2\aws-lambda-java-core-1.2.2.jar;C:\Users\juanl\.m2\repository\com\amazonaws\aws-lambda-java-events\3.11.1\aws-lambda-java-events-3.11.1.jar;C:\Users\juanl\.m2\repository\joda-time\joda-time\2.10.8\joda-time-2.10.8.jar;C:\Users\juanl\.m2\repository\com\amazonaws\aws-lambda-java-log4j2\1.5.1\aws-lambda-java-log4j2-1.5.1.jar;C:\Users\juanl\.m2\repository\org\apache\logging\log4j\log4j-core\2.17.1\log4j-core-2.17.1.jar;C:\Users\juanl\.m2\repository\org\apache\logging\log4j\log4j-api\2.17.1\log4j-api-2.17.1.jar;"/>
    <property name="java.vm.vendor" value="Oracle Corporation"/>
    <property name="sun.arch.data.model" value="64"/>
    <property name="user.variant" value=""/>
    <property name="java.vendor.url" value="http://java.oracle.com/"/>
    <property name="user.timezone" value="America/Bogota"/>
    <property name="java.vm.specification.version" value="1.8"/>
    <property name="os.name" value="Windows 10"/>
    <property name="sun.java.launcher" value="SUN_STANDARD"/>
    <property name="user.country" value="ES"/>
    <property name="sun.boot.library.path" value="C:\Program Files\Java\jdk-1.8\jre\bin"/>
    <property name="sun.java.command" value="C:\Users\juanl\AppData\Local\Temp\surefire3643674837051403681\surefirebooter-20231104145828501_3.jar C:\Users\juanl\AppData\Local\Temp\surefire3643674837051403681 2023-11-04T14-58-28_058-jvmRun1 surefire-20231104145828501_1tmp surefire_0-20231104145828501_2tmp"/>
    <property name="surefire.test.class.path" value="C:\Users\juanl\Documents\SoftwareAvanzado\Arquitectura y gobernabilidad\Taller2_arquiecture_of_massively\taller2_aygo_version1\target\test-classes;C:\Users\juanl\Documents\SoftwareAvanzado\Arquitectura y gobernabilidad\Taller2_arquiecture_of_massively\taller2_aygo_version1\target\classes;C:\Users\juanl\.m2\repository\junit\junit\3.8.1\junit-3.8.1.jar;C:\Users\juanl\.m2\repository\com\sparkjava\spark-core\2.9.2\spark-core-2.9.2.jar;C:\Users\juanl\.m2\repository\org\slf4j\slf4j-api\1.7.25\slf4j-api-1.7.25.jar;C:\Users\juanl\.m2\repository\org\eclipse\jetty\jetty-server\9.4.30.v20200611\jetty-server-9.4.30.v20200611.jar;C:\Users\juanl\.m2\repository\javax\servlet\javax.servlet-api\3.1.0\javax.servlet-api-3.1.0.jar;C:\Users\juanl\.m2\repository\org\eclipse\jetty\jetty-http\9.4.30.v20200611\jetty-http-9.4.30.v20200611.jar;C:\Users\juanl\.m2\repository\org\eclipse\jetty\jetty-util\9.4.30.v20200611\jetty-util-9.4.30.v20200611.jar;C:\Users\juanl\.m2\repository\org\eclipse\jetty\jetty-io\9.4.30.v20200611\jetty-io-9.4.30.v20200611.jar;C:\Users\juanl\.m2\repository\org\eclipse\jetty\jetty-webapp\9.4.30.v20200611\jetty-webapp-9.4.30.v20200611.jar;C:\Users\juanl\.m2\repository\org\eclipse\jetty\jetty-xml\9.4.30.v20200611\jetty-xml-9.4.30.v20200611.jar;C:\Users\juanl\.m2\repository\org\eclipse\jetty\jetty-servlet\9.4.30.v20200611\jetty-servlet-9.4.30.v20200611.jar;C:\Users\juanl\.m2\repository\org\eclipse\jetty\jetty-security\9.4.30.v20200611\jetty-security-9.4.30.v20200611.jar;C:\Users\juanl\.m2\repository\org\eclipse\jetty\websocket\websocket-server\9.4.30.v20200611\websocket-server-9.4.30.v20200611.jar;C:\Users\juanl\.m2\repository\org\eclipse\jetty\websocket\websocket-common\9.4.30.v20200611\websocket-common-9.4.30.v20200611.jar;C:\Users\juanl\.m2\repository\org\eclipse\jetty\websocket\websocket-client\9.4.30.v20200611\websocket-client-9.4.30.v20200611.jar;C:\Users\juanl\.m2\repository\org\eclipse\jetty\jetty-client\9.4.30.v20200611\jetty-client-9.4.30.v20200611.jar;C:\Users\juanl\.m2\repository\org\eclipse\jetty\websocket\websocket-servlet\9.4.30.v20200611\websocket-servlet-9.4.30.v20200611.jar;C:\Users\juanl\.m2\repository\org\eclipse\jetty\websocket\websocket-api\9.4.30.v20200611\websocket-api-9.4.30.v20200611.jar;C:\Users\juanl\.m2\repository\org\slf4j\slf4j-simple\1.7.6\slf4j-simple-1.7.6.jar;C:\Users\juanl\.m2\repository\org\mongodb\mongo-java-driver\3.12.14\mongo-java-driver-3.12.14.jar;C:\Users\juanl\.m2\repository\org\mongodb\morphia\morphia\1.3.2\morphia-1.3.2.jar;C:\Users\juanl\.m2\repository\cglib\cglib-nodep\2.2.2\cglib-nodep-2.2.2.jar;C:\Users\juanl\.m2\repository\com\thoughtworks\proxytoys\proxytoys\1.0\proxytoys-1.0.jar;C:\Users\juanl\.m2\repository\com\google\code\gson\gson\2.10.1\gson-2.10.1.jar;C:\Users\juanl\.m2\repository\com\amazonaws\serverless\aws-serverless-java-container-spark\1.9.3\aws-serverless-java-container-spark-1.9.3.jar;C:\Users\juanl\.m2\repository\com\amazonaws\serverless\aws-serverless-java-container-core\1.9.3\aws-serverless-java-container-core-1.9.3.jar;C:\Users\juanl\.m2\repository\javax\ws\rs\javax.ws.rs-api\2.1.1\javax.ws.rs-api-2.1.1.jar;C:\Users\juanl\.m2\repository\com\fasterxml\jackson\core\jackson-databind\2.15.0\jackson-databind-2.15.0.jar;C:\Users\juanl\.m2\repository\com\fasterxml\jackson\core\jackson-annotations\2.15.0\jackson-annotations-2.15.0.jar;C:\Users\juanl\.m2\repository\com\fasterxml\jackson\core\jackson-core\2.15.0\jackson-core-2.15.0.jar;C:\Users\juanl\.m2\repository\com\fasterxml\jackson\module\jackson-module-afterburner\2.15.0\jackson-module-afterburner-2.15.0.jar;C:\Users\juanl\.m2\repository\commons-fileupload\commons-fileupload\1.5\commons-fileupload-1.5.jar;C:\Users\juanl\.m2\repository\commons-io\commons-io\2.11.0\commons-io-2.11.0.jar;C:\Users\juanl\.m2\repository\org\apache\httpcomponents\httpmime\4.5.14\httpmime-4.5.14.jar;C:\Users\juanl\.m2\repository\org\apache\httpcomponents\httpclient\4.5.14\httpclient-4.5.14.jar;C:\Users\juanl\.m2\repository\org\apache\httpcomponents\httpcore\4.4.16\httpcore-4.4.16.jar;C:\Users\juanl\.m2\repository\commons-logging\commons-logging\1.2\commons-logging-1.2.jar;C:\Users\juanl\.m2\repository\commons-codec\commons-codec\1.11\commons-codec-1.11.jar;C:\Users\juanl\.m2\repository\com\amazonaws\aws-lambda-java-core\1.2.2\aws-lambda-java-core-1.2.2.jar;C:\Users\juanl\.m2\repository\com\amazonaws\aws-lambda-java-events\3.11.1\aws-lambda-java-events-3.11.1.jar;C:\Users\juanl\.m2\repository\joda-time\joda-time\2.10.8\joda-time-2.10.8.jar;C:\Users\juanl\.m2\repository\com\amazonaws\aws-lambda-java-log4j2\1.5.1\aws-lambda-java-log4j2-1.5.1.jar;C:\Users\juanl\.m2\repository\org\apache\logging\log4j\log4j-core\2.17.1\log4j-core-2.17.1.jar;C:\Users\juanl\.m2\repository\org\apache\logging\log4j\log4j-api\2.17.1\log4j-api-2.17.1.jar;"/>
    <property name="sun.cpu.endian" value="little"/>
    <property name="user.home" value="C:\Users\juanl"/>
    <property name="user.language" value="es"/>
    <property name="java.specification.vendor" value="Oracle Corporation"/>
    <property name="java.home" value="C:\Program Files\Java\jdk-1.8\jre"/>
    <property name="basedir" value="C:\Users\juanl\Documents\SoftwareAvanzado\Arquitectura y gobernabilidad\Taller2_arquiecture_of_massively\taller2_aygo_version1"/>
    <property name="file.separator" value="\"/>
    <property name="line.separator" value="&#10;"/>
    <property name="java.vm.specification.vendor" value="Oracle Corporation"/>
    <property name="java.specification.name" value="Java Platform API Specification"/>
    <property name="java.awt.graphicsenv" value="sun.awt.Win32GraphicsEnvironment"/>
    <property name="surefire.real.class.path" value="C:\Users\juanl\AppData\Local\Temp\surefire3643674837051403681\surefirebooter-20231104145828501_3.jar"/>
    <property name="sun.boot.class.path" value="C:\Program Files\Java\jdk-1.8\jre\lib\resources.jar;C:\Program Files\Java\jdk-1.8\jre\lib\rt.jar;C:\Program Files\Java\jdk-1.8\jre\lib\jsse.jar;C:\Program Files\Java\jdk-1.8\jre\lib\jce.jar;C:\Program Files\Java\jdk-1.8\jre\lib\charsets.jar;C:\Program Files\Java\jdk-1.8\jre\lib\jfr.jar;C:\Program Files\Java\jdk-1.8\jre\classes"/>
    <property name="user.script" value=""/>
    <property name="sun.management.compiler" value="HotSpot 64-Bit Tiered Compilers"/>
    <property name="java.runtime.version" value="1.8.0_381-b09"/>
    <property name="user.name" value="JUANC"/>
    <property name="path.separator" value=";"/>
    <property name="os.version" value="10.0"/>
    <property name="java.endorsed.dirs" value="C:\Program Files\Java\jdk-1.8\jre\lib\endorsed"/>
    <property name="java.runtime.name" value="Java(TM) SE Runtime Environment"/>
    <property name="file.encoding" value="Cp1252"/>
    <property name="java.vm.name" value="Java HotSpot(TM) 64-Bit Server VM"/>
    <property name="maven.ext.class.path" value="C:\Program Files\NetBeans-18\netbeans\java\maven-nblib\netbeans-eventspy.jar"/>
    <property name="localRepository" value="C:\Users\juanl\.m2\repository"/>
    <property name="java.vendor.url.bug" value="http://bugreport.sun.com/bugreport/"/>
    <property name="java.io.tmpdir" value="C:\Users\juanl\AppData\Local\Temp\"/>
    <property name="java.version" value="1.8.0_381"/>
    <property name="user.dir" value="C:\Users\juanl\Documents\SoftwareAvanzado\Arquitectura y gobernabilidad\Taller2_arquiecture_of_massively\taller2_aygo_version1"/>
    <property name="os.arch" value="amd64"/>
    <property name="java.vm.specification.name" value="Java Virtual Machine Specification"/>
    <property name="java.awt.printerjob" value="sun.awt.windows.WPrinterJob"/>
    <property name="sun.os.patch.level" value=""/>
    <property name="java.library.path" value="C:\Program Files\Java\jdk-1.8\jre\bin;C:\Windows\Sun\Java\bin;C:\Windows\system32;C:\Windows;C:\Program Files (x86)\Common Files\Oracle\Java\javapath;C:\Program Files (x86)\VMware\VMware Player\bin\;C:\Program Files\Microsoft MPI\Bin\;C:\Users\juanl\Documents\programa_netbeans\apache-maven-3.9.2\bin;C:\Program Files\NVIDIA GPU Computing Toolkit\CUDA\v10.0\bin;C:\Program Files\NVIDIA GPU Computing Toolkit\CUDA\v10.0\libnvvp;C:\Windows\system32;C:\Windows;C:\Windows\System32\Wbem;C:\Windows\System32\WindowsPowerShell\v1.0\;C:\Windows\System32\OpenSSH\;C:\Program Files\NVIDIA Corporation\NVIDIA NvDLISR;C:\Program Files (x86)\NVIDIA Corporation\PhysX\Common;C:\Program Files\dotnet\;C:\Program Files\Git\cmd;C:\Program Files (x86)\Microsoft SQL Server\160\Tools\Binn\;C:\Program Files\Microsoft SQL Server\160\Tools\Binn\;C:\Program Files\Microsoft SQL Server\Client SDK\ODBC\170\Tools\Binn\;C:\Program Files\Microsoft SQL Server\160\DTS\Binn\;C:\Program Files (x86)\Microsoft SQL Server\160\DTS\Binn\;C:\Program Files\Azure Data Studio\bin;C:\Users\juanl\AppData\Roaming\nvm;C:\Program Files\nodejs;C:\Users\juanl\AppData\Local\Pub\Cache\bin;C:\Users\juanl\AppData\Local\Android\Sdk\emulator;C:\Users\juanl\AppData\Local\Android\Sdk\platform-tools;C:\Users\juanl\AppData\Local\Android\Sdk\tools\bin;C:\Program Files\Microsoft SQL Server\150\Tools\Binn\;C:\ProgramData\chocolatey\bin;C:\Program Files\Java\jdk-1.8\bin;C:\Users\juanl\Documents\apache-maven-3.9.5\bin;;C:\Program Files\Docker\Docker\resources\bin;C:\Program Files\MySQL\MySQL Shell 8.0\bin\;C:\Users\juanl\AppData\Local\Programs\Python\Python37\Scripts\;C:\Users\juanl\AppData\Local\Programs\Python\Python37\;C:\Users\juanl\AppData\Local\Microsoft\WindowsApps;C:\Program Files\NVIDIA GPU Computing Toolkit\CUDA\v10.0;C:\Program Files\NVIDIA GPU Computing Toolkit\CUDA\v10.0\bin;C:\Program Files\NVIDIA GPU Computing Toolkit\CUDA\v10.0\lib;C:\Users\juanl\AppData\Local\Programs\Python\Python37\Lib\site-packages\object_detection\models;C:\Users\juanl\AppData\Local\Programs\Python\Python37\Lib\site-packages\slim;C:\Users\juanl\AppData\Local\Programs\Microsoft VS Code\bin;C:\Users\juanl\AppData\Local\Programs\MiKTeX\miktex\bin\x64\;C:\Program Files\JetBrains\PyCharm 2023.1\bin;;C:\Program Files\JetBrains\PyCharm Community Edition 2023.1\bin;;C:\Program Files\JetBrains\RubyMine 2023.1\bin;;C:\Users\juanl\.dotnet\tools;C:\Program Files\JetBrains\IntelliJ IDEA Community Edition 2023.1\bin;;C:\Program Files\Azure Data Studio\bin;C:\src\flutter\bin;C:\Users\juanl\AppData\Roaming\nvm;C:\Program Files\nodejs;C:\Users\juanl\AppData\Local\Pub\Cache\bin;C:\Users\juanl\AppData\Local\Android\Sdk\emulator;C:\Users\juanl\AppData\Local\Android\Sdk\platform-tools;C:\Users\juanl\AppData\Local\Android\Sdk\tools\bin;C:\Program Files\MySQL\MySQL Server 8.0\bin;C:\Program Files\Java\jdk-1.8\bin;C:\Users\juanl\Documents\apache-maven-3.9.5\bin;;."/>
    <property name="java.vm.info" value="mixed mode"/>
    <property name="java.vendor" value="Oracle Corporation"/>
    <property name="java.vm.version" value="25.381-b09"/>
    <property name="java.specification.maintenance.version" value="5"/>
    <property name="java.ext.dirs" value="C:\Program Files\Java\jdk-1.8\jre\lib\ext;C:\Windows\Sun\Java\lib\ext"/>
    <property name="sun.io.unicode.encoding" value="UnicodeLittle"/>
    <property name="java.class.version" value="52.0"/>
  </properties>
  <testcase name="testApp" classname="edu.escuelaing.ecos.ASE.app.AppTest" time="0.002"/>
</testsuite>